17.125060 4096 262805
24.162702 8192 262608
24.811200 12288 262521
24.722340 16384 262522
25.264256 20480 262501
25.244773 24576 262495
24.968926 28672 262485
25.142072 32768 262487
25.052728 36864 262484
25.596563 40960 262483
25.277018 45056 262466
25.595853 49152 262480
25.599775 53248 262469
25.264740 57344 262465
25.310683 61440 262474
25.773460 65536 262489
25.732461 69632 262468
25.754332 73728 262459
25.456785 77824 262477
25.507333 81920 262445
25.777993 86016 262462
25.839810 90112 262451
25.626903 94208 262439
25.522468 98304 262430
25.721846 102400 262418
25.507276 106496 262436
25.487424 110592 262416
25.754929 114688 262429
25.763384 118784 262420
25.984946 122880 262415
25.912883 126976 262424
25.760343 131072 262437
26.342391 135168 262388
26.358364 139264 262395
26.965324 143360 262377
27.414202 147456 262360
27.338615 151552 262325
27.706989 155648 262371
28.189362 159744 262340
28.528930 163840 262375
28.851744 167936 262368
29.124735 172032 262364
29.551686 176128 262429
29.388247 180224 262366
29.744982 184320 262345
30.064285 188416 262358
30.326731 192512 262377
30.517583 196608 262389
30.617898 200704 262326
31.038823 204800 262371
31.272236 208896 262403
31.486579 212992 262402
31.640468 217088 262413
31.829899 221184 262393
31.951842 225280 262414
32.262506 229376 262410
32.955768 233472 262432
32.671025 237568 262430
32.842337 241664 262410
33.403936 245760 262418
33.021209 249856 262398
33.177670 253952 262423
33.422410 258048 262425
33.424385 262144 262439
33.760131 266240 262287
34.026854 270336 262365
34.122579 274432 262398
34.229387 278528 262423
34.820431 282624 262478
34.434805 286720 262312
34.673278 290816 262485
34.843268 294912 262440
34.743977 299008 262508
35.122156 303104 262387
35.151899 307200 262415
35.230158 311296 262395
35.380907 315392 262395
35.494267 319488 262372
35.556909 323584 262320
35.703252 327680 262384
35.905060 331776 262442
36.399356 335872 262446
35.901365 339968 262500
36.149032 344064 262381
36.005972 348160 262438
36.568039 352256 262431
36.426428 356352 262427
36.669846 360448 262457
36.476195 364544 262398
36.594741 368640 262393
37.008164 372736 262395
36.602785 376832 262448
36.774281 380928 262376
37.194368 385024 262392
37.213397 389120 262414
37.077427 393216 262393
37.103291 397312 262412
37.171958 401408 262360
37.224055 405504 262362
37.309647 409600 262411
37.647780 413696 262407
37.905153 417792 262458
37.476724 421888 262420
37.516884 425984 262390
38.096132 430080 262403
37.646842 434176 262454
37.708105 438272 262353
38.245034 442368 262435
37.787970 446464 262352
37.649755 450560 262448
37.984620 454656 262389
37.980982 458752 262403
37.907057 462848 262369
38.083968 466944 262411
38.094996 471040 262412
38.602295 475136 262369
38.187139 479232 262522
38.497618 483328 262461
38.480053 487424 262329
38.553722 491520 262408
38.603716 495616 262413
38.390525 499712 262283
38.789636 503808 262448
38.336935 507904 262467
38.618921 512000 262556
38.797921 516096 262417
39.146357 520192 262468
38.610040 524288 262441
38.693003 528384 262462
38.813411 532480 262416
38.844348 536576 262465
39.060055 540672 262344
38.654562 544768 262478
39.385554 548864 262440
39.483780 552960 262335
38.888402 557056 262407
39.511136 561152 262421
39.116671 565248 262407
39.085748 569344 262354
39.625405 573440 262421
39.161392 577536 262458
38.991686 581632 262414
39.261039 585728 262460
39.036635 589824 262439
39.489507 593920 262353
39.264435 598016 262408
39.195001 602112 262439
39.637442 606208 262452
39.864474 610304 262430
39.646153 614400 262500
39.271598 618496 262470
39.988691 622592 262387
39.535095 626688 262427
39.417330 630784 262441
39.480213 634880 262439
39.406132 638976 262418
40.106599 643072 262522
39.688402 647168 262501
39.671477 651264 262492
40.188255 655360 262404
40.219021 659456 262432
40.288327 663552 262445
40.274386 667648 262422
40.275637 671744 262385
39.835513 675840 262343
40.172338 679936 262435
40.385245 684032 262345
39.915506 688128 262436
39.894587 692224 262443
39.961463 696320 262463
40.470908 700416 262457
40.058680 704512 262555
39.802018 708608 262418
40.312528 712704 262394
39.819653 716800 262309
40.344531 720896 262413
40.298872 724992 262667
40.124178 729088 262452
40.525435 733184 262360
40.412019 737280 262538
40.068684 741376 262396
40.684640 745472 262379
40.004309 749568 262349
40.752653 753664 262316
40.535028 757760 262276
40.479307 761856 262360
40.779540 765952 262298
40.102421 770048 262562
40.678202 774144 262456
40.822627 778240 262497
40.853138 782336 262362
40.894932 786432 262385
40.382858 790528 262398
40.777678 794624 262406
40.936413 798720 262573
40.913534 802816 262160
40.953466 806912 262510
40.274799 811008 262315
40.384947 815104 262629
40.677619 819200 262301
40.786929 823296 262404
41.040067 831488 262376
40.399840 839680 262366
40.815124 847872 262365
40.951193 856064 262380
41.005364 864256 262404
41.027249 872448 262300
41.055202 880640 262354
41.082984 888832 262664
40.838714 897024 262675
41.155687 905216 262410
41.167013 913408 262347
41.222094 921600 262428
41.190262 929792 262263
41.453248 937984 262270
40.784727 946176 262248
41.303039 954368 262432
41.577337 962560 262330
41.381895 970752 262477
41.127080 978944 262255
41.135550 987136 262278
41.068432 995328 262277
41.110212 1003520 262285
41.007397 1011712 262471
41.511896 1019904 262271
41.023910 1028096 262365
41.732122 1036288 262425
41.311793 1044480 262453
41.092747 1052672 262718
41.827747 1060864 262678
41.660968 1069056 262358
41.172740 1077248 262368
41.216424 1085440 262518
41.252733 1093632 262241
41.175426 1101824 262861
41.934257 1110016 262348
41.267157 1118208 262387
41.995889 1126400 262385
41.513502 1134592 262347
41.712880 1142784 262300
41.707167 1150976 262200
42.084920 1159168 262368
42.050658 1167360 262241
41.393633 1175552 262513
42.132555 1183744 262441
41.673715 1191936 262204
41.412065 1200128 262405
41.473271 1208320 262271
41.477634 1216512 262474
42.220833 1224704 262245
41.856339 1232896 262104
41.755797 1241088 262411
42.076167 1249280 262314
42.235911 1257472 262183
42.293607 1265664 262345
41.548205 1273856 262199
41.505388 1282048 262006
41.648690 1290240 262389
41.527812 1298432 262155
41.838106 1306624 262507
42.190905 1314816 262264
42.182094 1323008 262264
42.203780 1331200 262267
42.288363 1339392 262230
41.868034 1347584 262205
41.885912 1355776 262148
42.009660 1363968 262671
42.559677 1372160 262291
41.966075 1380352 262494
41.856893 1388544 262348
42.146567 1396736 262209
42.030209 1404928 263231
42.091244 1413120 262186
42.254626 1421312 262322
42.651237 1429504 262415
42.134218 1437696 262548
41.917147 1445888 262398
42.001545 1454080 262789
41.966743 1462272 262572
42.172900 1470464 262747
42.531966 1478656 262612
42.528626 1486848 262989
42.776406 1495040 262395
42.276682 1503232 262356
42.264219 1511424 262334
42.224883 1519616 262267
42.227754 1527808 262104
42.103224 1536000 262660
42.107047 1544192 262574
42.306723 1552384 262590
42.134175 1560576 262663
42.120519 1568768 262548
42.275133 1576960 262135
42.428681 1585152 262552
42.386361 1593344 262146
42.434507 1601536 262299
42.200028 1609728 262725
42.122196 1617920 262649
43.007134 1626112 262353
42.981753 1634304 262471
45.768857 3280896 263724
44.939171 3297280 278102
45.617156 3313664 264215
45.569536 3330048 269949
45.185089 3346432 272168
45.337501 3362816 263803
45.310799 3379200 269649
45.415405 3395584 264213
45.962508 3411968 263812
45.506056 3428352 264526
45.366818 3444736 263994
45.528296 3461120 273455
45.651731 3477504 264003
46.227044 3493888 264575
45.542365 3510272 273163
45.531635 3526656 275535
46.325610 3543040 265312
45.682370 3559424 264705
45.660556 3575808 264935
45.634209 3592192 264499
45.416300 3608576 274300
45.887589 3624960 265104
45.920430 3641344 264434
45.807070 3657728 265497
46.699469 3674112 265410
46.165411 3690496 275489
46.137870 3706880 265279
46.229601 3723264 265558
46.073495 3739648 266331
46.032966 3756032 272844
46.073197 3772416 272855
46.097398 3788800 273158
46.268639 3805184 274215
46.096446 3821568 273659
46.354884 3837952 265793
46.486733 3854336 266160
46.908795 3870720 267022
46.586635 3887104 266730
46.659352 3903488 267124
46.056456 3919872 279621
46.303981 3936256 295558
46.418791 3952640 279202
46.388990 3969024 280068
46.513264 3985408 280046
46.560771 4001792 269186
46.513023 4018176 269562
46.473687 4034560 279948
46.700833 4050944 280688
46.642484 4067328 280977
46.637297 4083712 267861
46.699228 4100096 268100
47.031577 4116480 280888
46.966804 4132864 268178
46.762239 4149248 284062
47.408278 4165632 269052
46.735281 4182016 269143
47.186901 4198400 282295
46.862255 4214784 270087
46.723002 4231168 270349
46.987168 4247552 270107
46.941878 4263936 269615
46.958874 4280320 269800
46.754778 4296704 288632
47.036522 4313088 270531
47.264862 4329472 271468
47.566701 4345856 273171
47.357673 4362240 294599
47.218862 4378624 271955
47.649195 4395008 287924
47.203542 4411392 272343
47.151573 4427776 272368
47.410126 4444160 286059
47.424493 4460544 293804
47.661061 4476928 272903
47.275194 4493312 273017
47.587392 4509696 274500
47.676451 4526080 274270
47.690094 4542464 274750
47.662141 4558848 274452
47.613852 4575232 276337
47.661658 4591616 275805
47.803582 4608000 283616
47.667797 4624384 275676
47.607244 4640768 276209
47.887255 4657152 292554
47.607543 4673536 276761
47.906397 4689920 276448
48.138617 4706304 279625
48.029435 4722688 286095
47.808641 4739072 277251
48.178791 4755456 294986
47.862770 4771840 279080
47.858535 4788224 298395
47.861334 4804608 305635
48.175508 4820992 282898
48.023523 4837376 280263
47.913261 4853760 301520
48.302653 4870144 282467
48.714156 4886528 296518
48.741825 4902912 300403
48.240835 4919296 285218
48.214204 4935680 284444
48.991751 4952064 283553
48.634462 4968448 302031
48.570996 4984832 287007
48.509477 5001216 288817
49.088897 5017600 285380
49.303580 5033984 286965
48.523006 5050368 287804
48.906443 5066752 308674
48.712977 5083136 291689
49.292325 5099520 289309
48.764761 5115904 287995
49.560896 5132288 290580
48.795883 5148672 290851
48.489156 5165056 315495
48.944884 5181440 291594
49.116252 5197824 290603
49.514242 5214208 293031
48.807976 5230592 329684
48.973732 5246976 292359
49.506298 5263360 333226
49.080725 5279744 316647
49.757887 5296128 295617
49.235993 5312512 317464
49.822503 5328896 296870
48.848875 5345280 337191
49.414325 5361664 299363
49.850343 5378048 301462
50.080004 5394432 303003
49.942429 5410816 302600
48.997819 5427200 306405
49.490694 5443584 303245
49.191058 5459968 348525
49.742582 5476352 306262
49.337260 5492736 350211
49.211451 5509120 305737
49.424642 5525504 357203
50.179182 5541888 310135
50.384827 5558272 315750
49.431733 5574656 350940
50.407465 5591040 315960
49.606868 5607424 335625
49.240057 5623808 351362
49.745083 5640192 351868
49.451771 5656576 374849
49.896059 5672960 340489
49.783893 5689344 342388
49.767905 5705728 356352
49.900521 5722112 345474
49.837411 5738496 378092
50.236281 5754880 324766
50.327074 5771264 325471
49.792718 5787648 351112
49.620567 5804032 329886
50.156885 5820416 329442
49.982305 5836800 340567
50.148486 5853184 382111
50.096688 5869568 362514
50.888303 5885952 344934
50.790078 5902336 349595
50.623541 5918720 417788
50.824525 5935104 358065
51.021630 5951488 354198
50.846936 5967872 360444
51.109197 5984256 365918
50.270188 6000640 372225
51.177793 6017024 376439
51.063182 6033408 376151
50.542241 6049792 376780
51.344642 6066176 389544
50.546234 6082560 396271
51.069804 6098944 397074
50.697025 6115328 401033
50.801930 6131712 412956
50.789410 6148096 409845
50.566854 6164480 423403
51.514505 6180864 436064
50.981399 6197248 443324
51.221249 6213632 514734
50.981171 6230016 467266
51.514917 6246400 473461
51.479461 6262784 531045
51.125525 6279168 574982
51.345225 6295552 603254
51.861875 6311936 555985
50.969490 6328320 581747
51.247596 6344704 605644
51.467069 6361088 710958
51.605994 6377472 735687
51.542699 6393856 747379
51.628945 6410240 792403
51.794288 6426624 825169
51.329437 6443008 794707
51.822241 6459392 833436
51.787325 6475776 859334
51.684324 6492160 901781
51.346959 6508544 1016956
51.608737 6524928 964804
51.832316 6541312 1019372
51.892400 6557696 1064836
51.458784 6590464 1115522
51.953378 6623232 1194033
51.958267 6656000 1259049
52.048264 6688768 1325726
51.912195 6721536 1398386
52.353442 6754304 1528427
52.292521 6787072 1542365
52.881788 6819840 1671726
52.997819 6852608 1674429
52.281379 6885376 1784900
52.546199 6918144 1817994
52.665882 6950912 1885272
52.606410 6983680 1944883
53.127280 7016448 2021927
52.876771 7049216 2086114
53.481926 7081984 2145699
53.087234 7114752 2206313
53.205966 7147520 2285252
52.978876 7180288 2342256
53.016478 7213056 2402274
53.013267 7245824 2476050
53.602875 7278592 2576742
52.833855 7311360 2587767
53.192792 7344128 2660137
53.113993 7376896 2718239
53.725600 7409664 2810067
53.684346 7442432 2874632
53.625101 7475200 2900465
53.982149 7507968 2973839
53.837724 7540736 3025881
53.770719 7573504 3075498
54.779406 7606272 3144618
54.759752 7639040 3190861
53.656350 7671808 3288344
54.169718 7704576 3314455
54.170968 7737344 3358868
55.144966 7770112 3428220
54.384827 7802880 3470707
54.302333 7835648 3582429
55.259463 7868416 3591354
54.394718 7901184 3627746
55.086247 7933952 3699325
55.306614 7966720 3739799
55.002985 7999488 3806970
54.779946 8032256 3862397
55.029517 8065024 3932396
55.340763 8097792 3953975
55.235859 8130560 4015859
55.881912 8163328 4055879
56.082911 8196096 4122885
56.014173 8228864 4157018
54.721653 8261632 4190034
55.069151 8294400 4256742
55.605952 8327168 4315374
55.288197 8359936 4354221
55.830711 8392704 4383711
56.220827 8425472 4449832
55.208858 8458240 4483604
56.273450 8491008 4539564
56.151691 8523776 4571169
55.659413 8556544 4635459
56.246876 8589312 4724625
56.522609 8622080 4722562
56.757500 8654848 4789186
56.185840 8687616 4812668
56.460678 8720384 4878851
56.083323 8753152 4898386
57.115557 8785920 4964202
56.409775 8818688 4995593
56.810805 8851456 5041408
56.984007 8884224 5089424
57.133676 8916992 5123746
56.616429 8949760 5144761
57.230466 8982528 5203519
57.539580 9015296 5263179
57.315162 9048064 5277417
57.673034 9080832 5342045
57.439379 9113600 5351795
56.994139 9146368 5414505
56.667204 9179136 5429467
57.345275 9211904 5525982
57.123245 9244672 5558766
57.780326 9277440 5556684
58.080616 9310208 5615032
57.393478 9342976 5649346
58.047178 9375744 5683456
58.000680 9408512 5738074
57.625471 9441280 5748359
58.017790 9474048 5807331
58.161447 9506816 5835285
58.466256 9539584 5873239
58.705211 9572352 5948227
57.966943 9605120 5936090
57.883454 9637888 5987049
58.460529 9670656 6043260
58.937076 9703424 6046924
58.485568 9736192 6103834
57.998477 9768960 6104939
58.182238 9801728 6156836
58.458269 9834496 6212990
58.547428 9867264 6236933
58.733406 9900032 6265562
58.935058 9932800 6318958
58.700024 9965568 6320481
58.564012 9998336 6394283
58.867997 10031104 6449868
58.571700 10063872 6448117
59.258767 10096640 6474979
59.039593 10129408 6554667
58.828590 10162176 6524857
59.018674 10194944 6602730
59.581524 10227712 6568724
59.417957 10260480 6624089
59.597085 10293248 6672260
58.896234 10326016 6661443
59.111358 10358784 6736311
59.696731 10391552 6767975
59.968528 10424320 6818025
59.377669 10457088 6826949
59.537101 10489856 6854907
59.807064 10522624 6907742
59.807363 10555392 6915291
60.060557 10588160 6944461
60.298916 10620928 7000271
59.597497 10653696 6993333
59.846343 10686464 7029883
60.265009 10719232 7080634
60.096454 10752000 7079468
60.277230 10784768 7114581
60.493832 10817536 7179515
60.168574 10850304 7142047
60.078264 10883072 7209194
60.414322 10915840 7272440
60.600996 10948608 7288954
60.508071 10981376 7268826
60.402812 11014144 7316182
61.936092 11046912 7366598
60.249221 11079680 7341862
60.543542 11112448 7382839
61.440943 11145216 7435457
61.670775 11177984 7485891
61.133022 11210752 7457161
61.174930 11243520 7506720
61.260280 11276288 7558553
60.818920 11309056 7524631
61.557230 11341824 7573016
61.384199 11374592 7621672
62.087409 11407360 7701135
61.157692 11440128 7639777
61.822419 11472896 7687198
61.969104 11505664 7731057
61.792065 11538432 7777297
61.394275 11571200 7742468
61.599678 11603968 7784245
61.830690 11636736 7832672
62.047732 11669504 7893524
61.614159 11702272 7843154
61.871290 11735040 7886406
62.060650 11767808 7936467
61.671429 11800576 7892849
61.922549 11833344 7949029
62.264263 11866112 8005440
62.298597 11898880 8029332
61.625954 11931648 8015703
61.825943 11964416 8066477
62.128308 11997184 8088659
62.196676 12029952 8151887
63.134976 12062720 8177447
61.976792 12095488 8146604
62.381147 12128256 8169770
62.398257 12161024 8238541
62.695449 12193792 8261081
62.082179 12226560 8235218
62.430018 12259328 8261508
62.549830 12292096 8302864
62.932017 12324864 8344528
62.552630 12357632 8292106
62.633205 12390400 8334422
62.813697 12423168 8377910
63.272111 12455936 8433578
62.707187 12488704 8372370
62.714051 12521472 8412621
63.038769 12554240 8459850
63.082936 12587008 8501812
63.216675 12619776 8566851
62.783897 12652544 8497732
63.022142 12685312 8524950
63.280879 12718080 8574679
63.431443 12750848 8615421
62.949184 12783616 8553858
63.156605 12816384 8597972
63.330177 12849152 8640631
63.497964 12881920 8680239
63.699844 12914688 8726745
63.169892 12947456 8662462
63.587308 12980224 8706478
63.633507 13012992 8744379
63.858991 13045760 8788910
64.031539 13078528 8827774
63.349233 13111296 8758351
63.789486 13176832 8845235
64.118737 13242368 8926828
64.636694 13307904 8902310
64.241888 13373440 8985227
63.757781 13438976 8954599
63.876868 13504512 9030883
64.637121 13570048 9110588
64.099609 13635584 9076087
64.452706 13701120 9157815
63.988381 13766656 9120099
64.475728 13832192 9200990
64.578174 13897728 9276108
64.410926 13963264 9236343
64.779471 14028800 9311422
64.750850 14094336 9392077
64.708118 14159872 9337853
65.080513 14225408 9420117
65.323889 14290944 9497835
64.593010 14356480 9442759
65.286088 14422016 9521172
65.660004 14487552 9598239
65.081778 14553088 9543465
65.534238 14618624 9618715
65.840666 14684160 9690798
65.256003 14749696 9628912
65.560400 14815232 9708645
65.949024 14880768 9780490
65.405786 14946304 9717852
65.824210 15011840 9789471
65.780284 15077376 9857653
65.570887 15142912 9796123
65.729495 15208448 9882943
66.213417 15273984 9942406
65.675493 15339520 9870325
65.962311 15405056 9940610
66.352612 15470592 10008141
66.583695 15536128 10082315
65.973452 15601664 10003571
66.271838 15667200 10077887
66.666416 15732736 10143585
66.154115 15798272 10063255
67.217229 15863808 10129139
66.569868 15929344 10196270
66.633646 15994880 10290188
66.404709 16060416 10187797
66.337535 16125952 10250845
67.095883 16191488 10319801
67.474545 16257024 10387598
67.090156 16322560 10297557
67.091932 16388096 10362523
67.745020 16453632 10426059
67.283523 16519168 10334008
67.633451 16584704 10400142
68.106772 16650240 10464493
68.114943 16715776 10531408
67.664743 16781312 10429912
66.859840 16846848 10491739
68.044898 16912384 10556837
68.514822 16977920 10622538
68.778931 17043456 10689347
67.676297 17108992 10581361
67.604660 17174528 10657958
67.461073 17240064 10709569
68.624558 17305600 10770271
67.385429 17371136 10666760
67.431159 17436672 10722658
68.591902 17502208 10784353
68.813748 17567744 10848262
67.005885 17633280 10750908
67.610443 17698816 10796151
68.024406 17764352 10853333
68.789774 17829888 10918390
68.297027 17895424 10985869
67.388001 17960960 10854829
68.517807 18026496 10916049
68.009257 18092032 10972150
68.616629 18157568 11035005
67.862686 18223104 10907490
68.000077 18288640 10968249
69.256004 18354176 11025979
68.729747 18419712 11087036
69.324372 18485248 11157404
68.857616 18550784 11013050
68.903688 18616320 11074753
69.443473 18681856 11125824
69.752872 18747392 11184901
69.979734 18812928 11242456
68.962876 18878464 11105952
69.290749 18944000 11159223
69.614046 19009536 11219116
69.827138 19075072 11276920
69.782260 19140608 11347529
69.245985 19206144 11191147
69.512893 19271680 11242019
69.799299 19337216 11303117
70.059841 19402752 11355740
69.980089 19468288 11428409
69.287125 19533824 11259065
69.340047 19599360 11314906
69.845797 19664896 11370927
70.134163 19730432 11424883
70.467593 19795968 11484389
70.710783 19861504 11541297
69.244322 19927040 11393275
69.834357 19992576 11432306
70.082365 20058112 11489373
70.356023 20123648 11542459
70.678595 20189184 11593677
70.560986 20254720 11653518
69.043040 20320256 11482884
70.168667 20385792 11535393
70.471714 20451328 11591987
70.648255 20516864 11646158
70.068651 20582400 11699252
70.935243 20647936 11761367
69.659407 20713472 11577996
69.010682 20779008 11642494
70.159544 20844544 11680760
69.525967 20910080 11749812
70.231195 20975616 11784514
71.314275 21041152 11836471
70.200798 21106688 11657017
70.523910 21172224 11706856
70.326863 21237760 11760243
70.978516 21303296 11810072
70.906751 21368832 11876183
71.475682 21434368 11905933
69.305955 21499904 11735803
69.764610 21565440 11786042
69.942118 21630976 11825078
70.257485 21696512 11876696
70.381461 21762048 11923210
70.670069 21827584 11974196
70.943173 21893120 12026477
69.737382 21958656 11828618
69.971392 22024192 11874146
69.846152 22089728 11942282
70.931733 22155264 11989859
71.488614 22220800 12026911
71.689129 22286336 12074078
71.488628 22351872 12139820
70.298483 22417408 11933966
70.964745 22482944 11965937
70.974281 22548480 12018574
71.099876 22614016 12076730
71.692583 22679552 12111032
71.668197 22745088 12171937
72.154037 22810624 12209494
70.808838 22876160 11998757
71.038428 22941696 12041933
71.317075 23007232 12090099
71.513711 23072768 12137690
71.793849 23138304 12187179
72.085555 23203840 12230803
72.279519 23269376 12279161
72.464644 23334912 12327369
71.175222 23400448 12104338
70.475167 23465984 12149433
70.768834 23531520 12192148
71.824488 23597056 12240657
72.093599 23662592 12288939
72.315345 23728128 12335413
72.572178 23793664 12380424
71.572657 23859200 12438227
70.142860 23924736 12196742
70.865696 23990272 12240093
71.058452 24055808 12284807
71.234467 24121344 12334618
71.612718 24186880 12373760
72.673146 24252416 12422326
72.428705 24317952 12467126
72.042951 24383488 12511557
71.076570 24449024 12271185
70.512712 24514560 12322103
71.118407 24580096 12359633
71.436162 24645632 12401558
72.082102 24711168 12443780
72.632673 24776704 12493807
71.728337 24842240 12532267
71.745760 24907776 12577438
70.457688 24973312 12327313
71.960741 25038848 12374432
71.664161 25104384 12415162
71.024246 25169920 12474344
72.270524 25235456 12503327
71.810604 25300992 12544952
72.953995 25366528 12587690
72.210909 25432064 12629541
73.435359 25497600 12672673
72.395977 25563136 12723290
70.848046 25628672 12455150
71.092003 25694208 12498503
72.070421 25759744 12549797
71.901439 25825280 12581916
72.499688 25890816 12635283
72.843676 25956352 12664802
72.061837 26021888 12705263
72.690909 26087424 12747130
72.859763 26152960 12791514
71.318567 26218496 12521152
71.718461 26349568 12602693
72.064992 26480640 12684103
72.182232 26611712 12775686
73.023799 26742784 12846033
72.078933 26873856 12608474
72.539152 27004928 12689358
72.085143 27136000 12777327
73.769328 27267072 12845471
73.845086 27398144 12925745
74.195981 27529216 13002685
72.049801 27660288 12753096
73.523054 27791360 12828572
73.831799 27922432 12905104
74.292899 28053504 12984325
74.179354 28184576 13059285
73.095435 28315648 12790746
73.388989 28446720 12870401
73.871490 28577792 12946830
73.759253 28708864 13022969
73.247080 28839936 13099444
74.786541 28971008 13174697
72.035306 29102080 12887654
73.034826 29233152 12975816
72.931584 29364224 13050407
73.006035 29495296 13111996
73.927211 29626368 13183328
74.770753 29757440 13258796
72.427397 29888512 12960752
73.943610 30019584 13033933
73.305074 30150656 13106612
73.673064 30281728 13177784
74.045360 30412800 13250045
75.333361 30543872 13319991
75.729787 30674944 13391386
73.891101 30806016 13081048
74.211897 30937088 13151598
74.702442 31068160 13219059
74.304992 31199232 13296585
74.457418 31330304 13365042
75.756205 31461376 13426568
73.226630 31592448 13100486
73.443530 31723520 13173080
74.088504 31854592 13236468
74.850206 31985664 13303405
75.178207 32116736 13372718
75.559129 32247808 13436630
75.555079 32378880 13508315
75.770089 32509952 13576695
74.244980 32641024 13228768
74.557065 32772096 13293422
74.860509 32903168 13360109
74.310606 33034240 13427418
75.198415 33165312 13492109
75.976672 33296384 13557374
75.790595 33427456 13628911
73.749064 33558528 13302244
73.512197 33689600 13324518
74.837033 33820672 13385220
75.112098 33951744 13540349
74.523570 34082816 13514353
74.688558 34213888 13577959
75.141855 34344960 13643456
76.456843 34476032 13702448
75.402028 34607104 13773872
73.274379 34738176 13389648
73.913753 34869248 13446320
75.103586 35000320 13507326
74.582985 35131392 13569838
74.682589 35262464 13633638
75.756418 35393536 13694840
76.045637 35524608 13754410
75.424254 35655680 13821134
75.848575 35786752 13879252
73.520951 35917824 13475833
74.680031 36048896 13531885
74.966081 36179968 13591780
75.668211 36311040 13649576
75.501390 36442112 13708175
75.958965 36573184 13776336
76.237981 36704256 13829856
76.532359 36835328 13889154
76.709441 36966400 13945247
74.043811 37097472 13532476
74.301653 37228544 13585630
74.904563 37359616 13637959
74.666559 37490688 13696735
75.207595 37621760 13759191
75.476706 37752832 13810454
76.035320 37883904 13869690
75.973816 38014976 13922349
76.371492 38146048 13988564
76.013677 38277120 14042141
74.141141 38408192 13599719
74.393995 38539264 13646992
74.783500 38670336 13712009
74.414842 38801408 13764753
75.630908 38932480 13815388
75.002077 39063552 13871287
76.235295 39194624 13925704
76.242628 39325696 13980312
76.477590 39456768 14042536
77.070538 39587840 14091491
77.344708 39718912 14149572
74.837274 39849984 13678487
74.606774 39981056 13736279
74.832442 40112128 13788343
75.307668 40243200 13840623
75.778246 40374272 13888757
76.027987 40505344 13943895
75.660878 40636416 13999164
76.522767 40767488 14048302
76.523776 40898560 14109727
77.131517 41029632 14157619
77.425540 41160704 14206352
77.272176 41291776 14268485
74.880191 41422848 13761935
74.827909 41553920 13822695
75.501319 41684992 13867679
75.388186 41816064 13923628
75.603594 41947136 13977985
76.241975 42078208 14021001
76.484014 42209280 14071285
76.755654 42340352 14124989
76.977670 42471424 14172084
77.285648 42602496 14223890
77.466069 42733568 14275940
77.494974 42864640 14327638
74.200329 42995712 13811160
75.170107 43126784 13854356
75.195203 43257856 13900706
75.589824 43388928 13948797
75.884472 43520000 14001556
76.115498 43651072 14050827
76.345387 43782144 14099261
76.265451 43913216 14147205
75.857329 44044288 14202132
76.737578 44175360 14245841
76.959736 44306432 14294106
77.258164 44437504 14343964
76.795928 44568576 14398982
78.096207 44699648 14443128
75.097631 44830720 13887302
74.751483 44961792 13937051
74.903369 45092864 13982256
75.236443 45223936 14029088
75.336104 45355008 14079253
76.229568 45486080 14126466
76.472404 45617152 14170407
76.736384 45748224 14216889
76.828414 45879296 14265329
77.191416 46010368 14310218
77.438003 46141440 14359421
76.928728 46272512 14404279
77.871974 46403584 14453518
77.798134 46534656 14506416
78.368004 46665728 14545974
74.220949 46796800 13968441
75.177141 46927872 14010104
75.052867 47058944 14048730
75.578086 47190016 14097059
75.779198 47321088 14138320
76.402316 47452160 14185707
76.523193 47583232 14233465
76.902211 47714304 14278749
76.694718 47845376 14327702
77.345547 47976448 14367210
76.923129 48107520 14412465
77.793601 48238592 14457292
78.029871 48369664 14498933
78.174409 48500736 14544071
78.751739 48631808 14590380
77.956201 48762880 14637224
75.252416 48893952 14016160
75.534402 49025024 14060424
75.654981 49156096 14102674
75.309401 49287168 14141859
75.379134 49418240 14186392
76.186311 49549312 14232330
75.908716 49680384 14268812
76.889691 49811456 14317417
76.156496 49942528 14361779
76.903532 50073600 14405861
76.921580 50204672 14444002
77.659664 50335744 14488187
77.227298 50466816 14535002
77.082461 50597888 14569106
78.339937 50728960 14620228
78.124586 50860032 14657204
78.266268 50991104 14703501
78.543295 51122176 14746538
75.371801 51253248 14087232
75.642646 51384320 14127135
75.810021 51515392 14166502
75.407513 51646464 14209333
75.690281 51777536 14250343
75.937393 51908608 14290250
76.111917 52039680 14334293
75.926906 52170752 14370043
76.787643 52301824 14414325
77.345064 52432896 14453813
76.958173 52563968 14494283
77.176153 52695040 14536543
77.983444 52826112 14577397
77.475121 52957184 14616635
77.733347 53088256 14657780
79.003996 53219328 14701433
78.286703 53350400 14742570
78.320809 53481472 14777396
78.769091 53612544 14826863
75.777479 53743616 14121102
75.268872 53874688 14160951
76.148027 54005760 14198521
76.362610 54136832 14235148
75.605442 54267904 14278341
75.911586 54398976 14315129
76.616459 54530048 14352984
75.985128 54661120 14395189
76.356301 54792192 14431687
76.411482 54923264 14467272
77.787945 55054336 14509669
76.776146 55185408 14548259
76.942442 55316480 14584192
76.997935 55447552 14631475
78.626684 55578624 14664223
78.413606 55709696 14702947
78.607329 55840768 14742235
78.080888 55971840 14781370
78.411759 56102912 14820557
78.518269 56233984 14857375
78.292729 56365056 14901370
78.892057 56496128 14938007
74.550442 56627200 14188242
74.681338 56758272 14224977
75.245381 56889344 14260899
75.327989 57020416 14297327
75.665540 57151488 14333755
75.892927 57282560 14370711
75.968742 57413632 14408390
75.701905 57544704 14446980
76.386996 57675776 14481133
76.494757 57806848 14520616
76.761012 57937920 14553314
77.097781 58068992 14591599
77.134004 58200064 14628043
77.367247 58331136 14667465
77.149267 58462208 14706850
78.256605 58593280 14739784
78.627764 58724352 14782798
78.311743 58855424 14817833
78.880618 58986496 14848988
78.378321 59117568 14891074
79.543000 59248640 14924837
78.979255 59379712 14965358
79.587934 59510784 14998735
79.410242 59641856 15039159
75.575528 59772928 14232864
75.134636 59904000 14269023
75.949600 60035072 14306391
75.732288 60166144 14341873
75.849059 60297216 14377002
75.880578 60428288 14408395
76.161086 60559360 14445796
75.806923 60690432 14482326
76.887545 60821504 14514186
77.370998 60952576 14548979
77.276880 61083648 14581422
76.500839 61214720 14622429
77.764142 61345792 14656054
77.148627 61476864 14686544
77.373457 61607936 14721093
78.134960 61739008 14758174
78.373844 61870080 14791554
78.464922 62001152 14826901
78.881030 62132224 14865623
77.849620 62263296 14898246
79.428915 62394368 14930229
79.621671 62525440 14967155
79.521712 62656512 15002379
79.552052 62787584 15036161
79.839282 62918656 15070645
78.974963 63049728 15106240
74.472666 63180800 14250830
75.611894 63311872 14280134
75.134878 63442944 14314328
74.960838 63574016 14346644
76.116933 63705088 14385289
75.274230 63836160 14410757
75.413411 63967232 14447147
75.613968 64098304 14479115
76.961101 64229376 14512706
76.907810 64360448 14547455
76.694491 64491520 14576484
77.318305 64622592 14611107
77.190521 64753664 14645241
77.101049 64884736 14677132
77.307163 65015808 14710298
77.812018 65146880 14739632
77.364504 65277952 14773460
77.925023 65409024 14810266
78.122739 65540096 14837714
78.992485 65671168 14872011
79.131354 65802240 14904888
79.318824 65933312 14939782
79.470823 66064384 14970745
78.558983 66195456 15004822
79.491855 66326528 15037000
78.982126 66457600 15067475
79.073374 66588672 15099828
79.232933 66719744 15132149
79.429739 66850816 15167629
79.557537 66981888 15199439
